2022-10-14 14:47:05.736  INFO 16256 --- [main] .s.d.r.c.RepositoryConfigurationDelegate : Bootstrapping Spring Data JPA repositories in DEFAULT mode.
2022-10-14 14:47:05.960  INFO 16256 --- [main] .s.d.r.c.RepositoryConfigurationDelegate : Finished Spring Data repository scanning in 180ms. Found 0 JPA repository interfaces.
2022-10-14 14:47:10.453  INFO 16256 --- [main] o.s.b.w.embedded.tomcat.TomcatWebServer  : Tomcat initialized with port(s): 8080 (http)
2022-10-14 14:47:10.786  INFO 16256 --- [main] w.s.c.ServletWebServerApplicationContext : Root WebApplicationContext: initialization completed in 9681 ms
2022-10-14 14:47:13.787  WARN 16256 --- [main-SendThread(zookeeper:2181)] org.apache.zookeeper.ClientCnxn          : Session 0x0 for server zookeeper:2181, unexpected error, closing socket connection and attempting reconnect

java.nio.channels.UnresolvedAddressException: null
	at sun.nio.ch.Net.checkAddress(Net.java:101)
	at sun.nio.ch.SocketChannelImpl.connect(SocketChannelImpl.java:622)
	at org.apache.zookeeper.ClientCnxnSocketNIO.registerAndConnect(ClientCnxnSocketNIO.java:277)
	at org.apache.zookeeper.ClientCnxnSocketNIO.connect(ClientCnxnSocketNIO.java:287)
	at org.apache.zookeeper.ClientCnxn$SendThread.startConnect(ClientCnxn.java:1021)
	at org.apache.zookeeper.ClientCnxn$SendThread.run(ClientCnxn.java:1064)

2022-10-14 14:47:14.914  WARN 16256 --- [main-SendThread(zookeeper:2181)] org.apache.zookeeper.ClientCnxn          : Session 0x0 for server zookeeper:2181, unexpected error, closing socket connection and attempting reconnect

java.nio.channels.UnresolvedAddressException: null
	at sun.nio.ch.Net.checkAddress(Net.java:101)
	at sun.nio.ch.SocketChannelImpl.connect(SocketChannelImpl.java:622)
	at org.apache.zookeeper.ClientCnxnSocketNIO.registerAndConnect(ClientCnxnSocketNIO.java:277)
	at org.apache.zookeeper.ClientCnxnSocketNIO.connect(ClientCnxnSocketNIO.java:287)
	at org.apache.zookeeper.ClientCnxn$SendThread.startConnect(ClientCnxn.java:1021)
	at org.apache.zookeeper.ClientCnxn$SendThread.run(ClientCnxn.java:1064)

2022-10-14 14:47:16.031  WARN 16256 --- [main-SendThread(zookeeper:2181)] org.apache.zookeeper.ClientCnxn          : Session 0x0 for server zookeeper:2181, unexpected error, closing socket connection and attempting reconnect

java.nio.channels.UnresolvedAddressException: null
	at sun.nio.ch.Net.checkAddress(Net.java:101)
	at sun.nio.ch.SocketChannelImpl.connect(SocketChannelImpl.java:622)
	at org.apache.zookeeper.ClientCnxnSocketNIO.registerAndConnect(ClientCnxnSocketNIO.java:277)
	at org.apache.zookeeper.ClientCnxnSocketNIO.connect(ClientCnxnSocketNIO.java:287)
	at org.apache.zookeeper.ClientCnxn$SendThread.startConnect(ClientCnxn.java:1021)
	at org.apache.zookeeper.ClientCnxn$SendThread.run(ClientCnxn.java:1064)

2022-10-14 14:47:16.785  WARN 16256 --- [main] ConfigServletWebServerApplicationContext : Exception encountered during context initialization - cancelling refresh attempt: org.springframework.beans.factory.BeanCreationException: Error creating bean with name 'dubboBootstrapApplicationListener': Initialization of bean failed; nested exception is java.lang.IllegalStateException: zookeeper not connected
2022-10-14 14:47:16.813  INFO 16256 --- [main] ConditionEvaluationReportLoggingListener : 

Error starting ApplicationContext. To display the conditions report re-run your application with 'debug' enabled.
2022-10-14 14:47:16.849 ERROR 16256 --- [main] o.s.boot.SpringApplication               : Application run failed

org.springframework.beans.factory.BeanCreationException: Error creating bean with name 'dubboBootstrapApplicationListener': Initialization of bean failed; nested exception is java.lang.IllegalStateException: zookeeper not connected
	at org.springframework.beans.factory.support.AbstractAutowireCapableBeanFactory.doCreateBean(AbstractAutowireCapableBeanFactory.java:602)
	at org.springframework.beans.factory.support.AbstractAutowireCapableBeanFactory.createBean(AbstractAutowireCapableBeanFactory.java:516)
	at org.springframework.beans.factory.support.AbstractBeanFactory.lambda$doGetBean$0(AbstractBeanFactory.java:324)
	at org.springframework.beans.factory.support.DefaultSingletonBeanRegistry.getSingleton(DefaultSingletonBeanRegistry.java:234)
	at org.springframework.beans.factory.support.AbstractBeanFactory.doGetBean(AbstractBeanFactory.java:322)
	at org.springframework.beans.factory.support.AbstractBeanFactory.getBean(AbstractBeanFactory.java:207)
	at org.springframework.context.event.AbstractApplicationEventMulticaster.retrieveApplicationListeners(AbstractApplicationEventMulticaster.java:247)
	at org.springframework.context.event.AbstractApplicationEventMulticaster.getApplicationListeners(AbstractApplicationEventMulticaster.java:204)
	at org.springframework.context.event.SimpleApplicationEventMulticaster.multicastEvent(SimpleApplicationEventMulticaster.java:134)
	at org.springframework.context.event.SimpleApplicationEventMulticaster.multicastEvent(SimpleApplicationEventMulticaster.java:127)
	at org.springframework.context.support.AbstractApplicationContext.registerListeners(AbstractApplicationContext.java:842)
	at org.springframework.context.support.AbstractApplicationContext.refresh(AbstractApplicationContext.java:548)
	at org.springframework.boot.web.servlet.context.ServletWebServerApplicationContext.refresh(ServletWebServerApplicationContext.java:143)
	at org.springframework.boot.SpringApplication.refresh(SpringApplication.java:755)
	at org.springframework.boot.SpringApplication.refresh(SpringApplication.java:747)
	at org.springframework.boot.SpringApplication.refreshContext(SpringApplication.java:402)
	at org.springframework.boot.SpringApplication.run(SpringApplication.java:312)
	at org.springframework.boot.SpringApplication.run(SpringApplication.java:1247)
	at org.springframework.boot.SpringApplication.run(SpringApplication.java:1236)
	at org.apache.dubbo.admin.DubboAdminApplication.main(DubboAdminApplication.java:34)
Caused by: java.lang.IllegalStateException: zookeeper not connected
	at org.apache.dubbo.remoting.zookeeper.curator.CuratorZookeeperClient.<init>(CuratorZookeeperClient.java:87)
	at org.apache.dubbo.remoting.zookeeper.curator.CuratorZookeeperTransporter.createZookeeperClient(CuratorZookeeperTransporter.java:26)
	at org.apache.dubbo.remoting.zookeeper.AbstractZookeeperTransporter.connect(AbstractZookeeperTransporter.java:69)
	at org.apache.dubbo.configcenter.support.zookeeper.ZookeeperDynamicConfiguration.<init>(ZookeeperDynamicConfiguration.java:68)
	at org.apache.dubbo.configcenter.support.zookeeper.ZookeeperDynamicConfigurationFactory.createDynamicConfiguration(ZookeeperDynamicConfigurationFactory.java:43)
	at org.apache.dubbo.common.config.configcenter.AbstractDynamicConfigurationFactory.lambda$getDynamicConfiguration$0(AbstractDynamicConfigurationFactory.java:39)
	at java.util.concurrent.ConcurrentHashMap.computeIfAbsent(ConcurrentHashMap.java:1660)
	at org.apache.dubbo.common.config.configcenter.AbstractDynamicConfigurationFactory.getDynamicConfiguration(AbstractDynamicConfigurationFactory.java:39)
	at org.apache.dubbo.config.bootstrap.DubboBootstrap.getDynamicConfiguration(DubboBootstrap.java:1368)
	at org.apache.dubbo.config.bootstrap.DubboBootstrap.prepareEnvironment(DubboBootstrap.java:1336)
	at org.apache.dubbo.config.bootstrap.DubboBootstrap.startConfigCenter(DubboBootstrap.java:746)
	at org.apache.dubbo.config.bootstrap.DubboBootstrap.initialize(DubboBootstrap.java:562)
	at org.apache.dubbo.config.spring.context.DubboBootstrapApplicationListener.initDubboConfigBeans(DubboBootstrapApplicationListener.java:92)
	at org.apache.dubbo.config.spring.context.DubboBootstrapApplicationListener.checkCallStackAndInit(DubboBootstrapApplicationListener.java:161)
	at org.apache.dubbo.config.spring.context.DubboBootstrapApplicationListener.setApplicationContext(DubboBootstrapApplicationListener.java:145)
	at org.springframework.context.support.ApplicationContextAwareProcessor.invokeAwareInterfaces(ApplicationContextAwareProcessor.java:123)
	at org.springframework.context.support.ApplicationContextAwareProcessor.postProcessBeforeInitialization(ApplicationContextAwareProcessor.java:100)
	at org.springframework.beans.factory.support.AbstractAutowireCapableBeanFactory.applyBeanPostProcessorsBeforeInitialization(AbstractAutowireCapableBeanFactory.java:415)
	at org.springframework.beans.factory.support.AbstractAutowireCapableBeanFactory.initializeBean(AbstractAutowireCapableBeanFactory.java:1791)
	at org.springframework.beans.factory.support.AbstractAutowireCapableBeanFactory.doCreateBean(AbstractAutowireCapableBeanFactory.java:594)
	... 19 common frames omitted
Caused by: java.lang.IllegalStateException: zookeeper not connected
	at org.apache.dubbo.remoting.zookeeper.curator.CuratorZookeeperClient.<init>(CuratorZookeeperClient.java:84)
	... 38 common frames omitted

