2022-10-04 20:46:54.729 [http-nio-8080-exec-1] DEBUG com.my.blog.website.service.impl.ContentServiceImpl - Enter getContents method
2022-10-04 20:46:55.527 [http-nio-8080-exec-1] DEBUG com.my.blog.website.service.impl.ContentServiceImpl - Exit getContents method
2022-10-04 20:49:28.102 [http-nio-8080-exec-7] INFO  com.my.blog.website.controller.admin.IndexController - Enter admin index method
2022-10-04 20:49:28.105 [http-nio-8080-exec-7] DEBUG com.my.blog.website.service.impl.SiteServiceImpl - Enter recentComments method:limit=5
2022-10-04 20:49:28.262 [http-nio-8080-exec-7] DEBUG com.my.blog.website.service.impl.SiteServiceImpl - Exit recentComments method
2022-10-04 20:49:28.263 [http-nio-8080-exec-7] DEBUG com.my.blog.website.service.impl.SiteServiceImpl - Enter recentContents method
2022-10-04 20:49:28.405 [http-nio-8080-exec-7] DEBUG com.my.blog.website.service.impl.SiteServiceImpl - Exit recentContents method
2022-10-04 20:49:28.406 [http-nio-8080-exec-7] DEBUG com.my.blog.website.service.impl.SiteServiceImpl - Enter getStatistics method
2022-10-04 20:49:29.672 [http-nio-8080-exec-7] DEBUG com.my.blog.website.service.impl.SiteServiceImpl - Exit getStatistics method
2022-10-04 20:49:29.672 [http-nio-8080-exec-7] DEBUG com.my.blog.website.service.impl.LogServiceImpl - Enter getLogs method:page=1,linit=5
2022-10-04 20:49:29.981 [http-nio-8080-exec-7] DEBUG com.my.blog.website.service.impl.LogServiceImpl - Exit getLogs method
2022-10-04 20:49:29.981 [http-nio-8080-exec-7] INFO  com.my.blog.website.controller.admin.IndexController - Exit admin index method
2022-10-04 20:49:51.772 [http-nio-8080-exec-3] INFO  com.my.blog.website.controller.admin.IndexController - Enter admin index method
2022-10-04 20:49:51.772 [http-nio-8080-exec-3] DEBUG com.my.blog.website.service.impl.SiteServiceImpl - Enter recentComments method:limit=5
2022-10-04 20:49:52.156 [http-nio-8080-exec-3] DEBUG com.my.blog.website.service.impl.SiteServiceImpl - Exit recentComments method
2022-10-04 20:49:52.156 [http-nio-8080-exec-3] DEBUG com.my.blog.website.service.impl.SiteServiceImpl - Enter recentContents method
2022-10-04 20:49:52.438 [http-nio-8080-exec-3] DEBUG com.my.blog.website.service.impl.SiteServiceImpl - Exit recentContents method
2022-10-04 20:49:52.438 [http-nio-8080-exec-3] DEBUG com.my.blog.website.service.impl.SiteServiceImpl - Enter getStatistics method
2022-10-04 20:49:53.797 [http-nio-8080-exec-3] DEBUG com.my.blog.website.service.impl.SiteServiceImpl - Exit getStatistics method
2022-10-04 20:49:53.798 [http-nio-8080-exec-3] DEBUG com.my.blog.website.service.impl.LogServiceImpl - Enter getLogs method:page=1,linit=5
2022-10-04 20:49:53.866 [http-nio-8080-exec-4] INFO  com.my.blog.website.controller.admin.IndexController - Enter admin index method
2022-10-04 20:49:53.866 [http-nio-8080-exec-4] DEBUG com.my.blog.website.service.impl.SiteServiceImpl - Enter recentComments method:limit=5
2022-10-04 20:49:54.313 [http-nio-8080-exec-4] DEBUG com.my.blog.website.service.impl.SiteServiceImpl - Exit recentComments method
2022-10-04 20:49:54.313 [http-nio-8080-exec-4] DEBUG com.my.blog.website.service.impl.SiteServiceImpl - Enter recentContents method
2022-10-04 20:49:54.313 [http-nio-8080-exec-3] DEBUG com.my.blog.website.service.impl.LogServiceImpl - Exit getLogs method
2022-10-04 20:49:54.313 [http-nio-8080-exec-3] INFO  com.my.blog.website.controller.admin.IndexController - Exit admin index method
2022-10-04 20:49:54.585 [http-nio-8080-exec-4] DEBUG com.my.blog.website.service.impl.SiteServiceImpl - Exit recentContents method
2022-10-04 20:49:54.585 [http-nio-8080-exec-4] DEBUG com.my.blog.website.service.impl.SiteServiceImpl - Enter getStatistics method
2022-10-04 20:49:56.387 [http-nio-8080-exec-4] DEBUG com.my.blog.website.service.impl.SiteServiceImpl - Exit getStatistics method
2022-10-04 20:49:56.387 [http-nio-8080-exec-4] DEBUG com.my.blog.website.service.impl.LogServiceImpl - Enter getLogs method:page=1,linit=5
2022-10-04 20:49:57.692 [http-nio-8080-exec-4] DEBUG com.my.blog.website.service.impl.LogServiceImpl - Exit getLogs method
2022-10-04 20:49:57.692 [http-nio-8080-exec-4] INFO  com.my.blog.website.controller.admin.IndexController - Exit admin index method
